10:33:19.507 request:
1 > GET https://reqres.in/api/users/2
1 > Accept-Encoding: gzip,deflate
1 > Connection: Keep-Alive
1 > Host: reqres.in
1 > User-Agent: Apache-HttpClient/4.5.12 (Java/1.8.0_333)

10:33:19.957 response time in milliseconds: 446,25
1 < 200
1 < Access-Control-Allow-Origin: *
1 < Age: 6388
1 < CF-Cache-Status: HIT
1 < CF-RAY: 73c377affe5e9ac0-MIA
1 < Cache-Control: max-age=14400
1 < Connection: keep-alive
1 < Content-Type: application/json; charset=utf-8
1 < Date: Wed, 17 Aug 2022 15:33:20 GMT
1 < Etag: W/"118-pbdwwFo9SKNhD3Lx5iHJyngpq00"
1 < Expect-CT: max-age=604800, report-uri="https://report-uri.cloudflare.com/cdn-cgi/beacon/expect-ct"
1 < NEL: {"success_fraction":0,"report_to":"cf-nel","max_age":604800}
1 < Report-To: {"endpoints":[{"url":"https:\/\/a.nel.cloudflare.com\/report\/v3?s=5GMxBTWIgBcO0cEV%2FCT6UNuoJlnnCvzASlFBEK0ms0vC%2BqeMeR6CLNz%2FZ4rDRBzM1PxoIuMywd3Vhzza%2FwnSvBm167Q7NUClarzMirzTKrTl2%2FGXWx4GvxAejQ%3D%3D"}],"group":"cf-nel","max_age":604800}
1 < Server: cloudflare
1 < Transfer-Encoding: chunked
1 < Vary: Accept-Encoding
1 < Via: 1.1 vegur
1 < X-Powered-By: Express
{"data":{"id":2,"email":"janet.weaver@reqres.in","first_name":"Janet","last_name":"Weaver","avatar":"https://reqres.in/img/faces/2-image.jpg"},"support":{"url":"https://reqres.in/#support-heading","text":"To keep ReqRes free, contributions towards server costs are appreciated!"}}

10:33:20.088 request:
1 > POST https://reqres.in/api/users
1 > Accept-Encoding: gzip,deflate
1 > Connection: Keep-Alive
1 > Content-Length: 34
1 > Content-Type: application/json; charset=UTF-8
1 > Host: reqres.in
1 > User-Agent: Apache-HttpClient/4.5.12 (Java/1.8.0_333)
{"name":"morpheus","job":"leader"}

10:33:20.547 response time in milliseconds: 457,32
1 < 201
1 < Access-Control-Allow-Origin: *
1 < CF-Cache-Status: DYNAMIC
1 < CF-RAY: 73c377b24a4c8dcd-MIA
1 < Connection: keep-alive
1 < Content-Length: 84
1 < Content-Type: application/json; charset=utf-8
1 < Date: Wed, 17 Aug 2022 15:33:20 GMT
1 < Etag: W/"54-6wicOBYj6RvvTb3j6lvSa+bmjsA"
1 < Expect-CT: max-age=604800, report-uri="https://report-uri.cloudflare.com/cdn-cgi/beacon/expect-ct"
1 < NEL: {"success_fraction":0,"report_to":"cf-nel","max_age":604800}
1 < Report-To: {"endpoints":[{"url":"https:\/\/a.nel.cloudflare.com\/report\/v3?s=1yap0nfpKfC7g0geNU1xXFCfrgiXEJA1jDB5n0sNty%2B0%2BCdr1cqWNGgzOgmy0o4fXouyoQh0sNtP4mp93h3yCThU2OAqoOnaWQp2MDtGSYhmmmHGxzIku%2BGHxQ%3D%3D"}],"group":"cf-nel","max_age":604800}
1 < Server: cloudflare
1 < Via: 1.1 vegur
1 < X-Powered-By: Express
{"name":"morpheus","job":"leader","id":"500","createdAt":"2022-08-17T15:33:20.557Z"}

"}

ress
{"name":"morpheus","job":"leader","id":"951","createdAt":"2022-08-17T15:16:02.556Z"}

