09:30:37.664 request:
1 > GET https://reqres.in/api/users/2
1 > Accept-Encoding: gzip,deflate
1 > Connection: Keep-Alive
1 > Host: reqres.in
1 > User-Agent: Apache-HttpClient/4.5.12 (Java/1.8.0_333)

09:30:38.528 response time in milliseconds: 834,08
1 < 200
1 < Access-Control-Allow-Origin: *
1 < Age: 208
1 < CF-Cache-Status: HIT
1 < CF-RAY: 73d396946ada3eb2-BOG
1 < Cache-Control: max-age=14400
1 < Connection: keep-alive
1 < Content-Type: application/json; charset=utf-8
1 < Date: Fri, 19 Aug 2022 14:30:37 GMT
1 < Etag: W/"118-pbdwwFo9SKNhD3Lx5iHJyngpq00"
1 < Expect-CT: max-age=604800, report-uri="https://report-uri.cloudflare.com/cdn-cgi/beacon/expect-ct"
1 < NEL: {"success_fraction":0,"report_to":"cf-nel","max_age":604800}
1 < Report-To: {"endpoints":[{"url":"https:\/\/a.nel.cloudflare.com\/report\/v3?s=F34eWbroa%2Fqytdj40YmoH%2FdyNd51msKjirMTFmh3Z%2BZAKdO4COSIvUsm1OiSOiSWA7s3hmQzw%2FE%2FImnsixGSP6uQ6CZlco%2Fi30VDJvUly4GwfOk3QoQQTZybfQ%3D%3D"}],"group":"cf-nel","max_age":604800}
1 < Server: cloudflare
1 < Transfer-Encoding: chunked
1 < Vary: Accept-Encoding
1 < Via: 1.1 vegur
1 < X-Powered-By: Express
{"data":{"id":2,"email":"janet.weaver@reqres.in","first_name":"Janet","last_name":"Weaver","avatar":"https://reqres.in/img/faces/2-image.jpg"},"support":{"url":"https://reqres.in/#support-heading","text":"To keep ReqRes free, contributions towards server costs are appreciated!"}}

09:30:38.646 request:
1 > GET https://reqres.in/api/users/1996
1 > Accept-Encoding: gzip,deflate
1 > Connection: Keep-Alive
1 > Host: reqres.in
1 > User-Agent: Apache-HttpClient/4.5.12 (Java/1.8.0_333)

09:30:38.834 response time in milliseconds: 188,18
1 < 404
1 < Access-Control-Allow-Origin: *
1 < Age: 80
1 < CF-Cache-Status: HIT
1 < CF-RAY: 73d396969b6ff25b-BOG
1 < Cache-Control: max-age=14400
1 < Connection: keep-alive
1 < Content-Length: 2
1 < Content-Type: application/json; charset=utf-8
1 < Date: Fri, 19 Aug 2022 14:30:37 GMT
1 < Etag: W/"2-vyGp6PvFo4RvsFtPoIWeCReyIC8"
1 < Expect-CT: max-age=604800, report-uri="https://report-uri.cloudflare.com/cdn-cgi/beacon/expect-ct"
1 < NEL: {"success_fraction":0,"report_to":"cf-nel","max_age":604800}
1 < Report-To: {"endpoints":[{"url":"https:\/\/a.nel.cloudflare.com\/report\/v3?s=jsJRRb9i9ZGtYVBBDPX0ua3JGhQvtg9xSdpi31tSUnLBDJyXKdboBora8G%2BvruJEg%2Bx8D5cG%2BSyaPKlPG1wzTbmNbUH8kiRE10sa31eRSbIng%2BAaqM6m4%2FhmKA%3D%3D"}],"group":"cf-nel","max_age":604800}
1 < Server: cloudflare
1 < Vary: Accept-Encoding
1 < Via: 1.1 vegur
1 < X-Powered-By: Express
{}

09:30:38.855 request:
1 > GET https://reqres.in/api/users/%23&%25%3F.
1 > Accept-Encoding: gzip,deflate
1 > Connection: Keep-Alive
1 > Host: reqres.in
1 > User-Agent: Apache-HttpClient/4.5.12 (Java/1.8.0_333)

09:30:39.432 response time in milliseconds: 576,52
1 < 404
1 < Access-Control-Allow-Origin: *
1 < CF-Cache-Status: MISS
1 < CF-RAY: 73d39697ecf93eff-BOG
1 < Cache-Control: max-age=14400
1 < Connection: keep-alive
1 < Content-Length: 2
1 < Content-Type: application/json; charset=utf-8
1 < Date: Fri, 19 Aug 2022 14:30:38 GMT
1 < Etag: W/"2-vyGp6PvFo4RvsFtPoIWeCReyIC8"
1 < Expect-CT: max-age=604800, report-uri="https://report-uri.cloudflare.com/cdn-cgi/beacon/expect-ct"
1 < NEL: {"success_fraction":0,"report_to":"cf-nel","max_age":604800}
1 < Report-To: {"endpoints":[{"url":"https:\/\/a.nel.cloudflare.com\/report\/v3?s=JfikM1%2BH18Lu0vpcDgi08f8R1u4zf4rHit%2F0NzVUklZWVkwbH%2FubRksgULygdRj%2BsNq4iwf0w2Jl7eE9SFMsLCargOyQjrnDx%2FXqyDb9RWVyB3B7KGmTwgglEA%3D%3D"}],"group":"cf-nel","max_age":604800}
1 < Server: cloudflare
1 < Vary: Accept-Encoding
1 < Via: 1.1 vegur
1 < X-Powered-By: Express
{}

09:30:39.447 request:
1 > GET https://reqres.in/api/users/Edwin
1 > Accept-Encoding: gzip,deflate
1 > Connection: Keep-Alive
1 > Host: reqres.in
1 > User-Agent: Apache-HttpClient/4.5.12 (Java/1.8.0_333)

09:30:40.049 response time in milliseconds: 600,69
1 < 404
1 < Access-Control-Allow-Origin: *
1 < CF-Cache-Status: MISS
1 < CF-RAY: 73d3969bac43f25f-BOG
1 < Cache-Control: max-age=14400
1 < Connection: keep-alive
1 < Content-Length: 2
1 < Content-Type: application/json; charset=utf-8
1 < Date: Fri, 19 Aug 2022 14:30:39 GMT
1 < Etag: W/"2-vyGp6PvFo4RvsFtPoIWeCReyIC8"
1 < Expect-CT: max-age=604800, report-uri="https://report-uri.cloudflare.com/cdn-cgi/beacon/expect-ct"
1 < NEL: {"success_fraction":0,"report_to":"cf-nel","max_age":604800}
1 < Report-To: {"endpoints":[{"url":"https:\/\/a.nel.cloudflare.com\/report\/v3?s=HnDuueua%2FQQ5uprbf2QK9ztJ50dRuCEpItRbhp1qB3MyA2nqmeKAbfg3kD9VqSXgX76Bmt2IsKwg3%2FchEgMopmTgbe5%2Bo4PHh4BLXxOTPkz1kEDU5HqRwMHz7g%3D%3D"}],"group":"cf-nel","max_age":604800}
1 < Server: cloudflare
1 < Vary: Accept-Encoding
1 < Via: 1.1 vegur
1 < X-Powered-By: Express
{}

